<?xml version="1.0" encoding="UTF-8"?>
<!-- Generated by org.testng.reporters.JUnitXMLReporter -->
<testsuite hostname="DESKTOP-ENLHRK0" ignored="0" name="用户管理系统测试用例" tests="7" failures="0" timestamp="23 七月 2018 07:08:46 GMT" time="39.856" errors="0">
  <testcase name="loginTrue" time="10.573" classname="com.course.cases.LoginTest"/>
  <testcase name="loginFalse" time="0.36" classname="com.course.cases.LoginTest"/>
  <testcase name="addUser" time="5.251" classname="com.course.cases.AddUserTest"/>
  <testcase name="getUserInfo" time="0.299" classname="com.course.cases.GetUserInfoTest"/>
  <testcase name="updateUserInfo" time="11.371" classname="com.course.cases.UpdateUserInfoTest"/>
  <testcase name="deleteUser" time="11.279" classname="com.course.cases.UpdateUserInfoTest"/>
  <testcase name="getUserListInfo" time="0.15" classname="com.course.cases.GetUserInfoListTest"/>
</testsuite> <!-- 用户管理系统测试用例 -->
