<?xml version="1.0" encoding="UTF-8" ?>
<testsuite tests="7" failures="2" name="TestSuite" time="18.916" errors="0" skipped="5">
  <properties>
[...]
</properties>
  <testcase classname="com.course.cases.LoginTest" name="loginTrue" time="7.94">
    <failure message="Connection to http://localhost:8850 refused" type="org.apache.http.conn.HttpHostConnectException">org.apache.http.conn.HttpHostConnectException: Connection to http://localhost:8850 refused
	at org.apache.http.impl.conn.DefaultClientConnectionOperator.openConnection(DefaultClientConnectionOperator.java:158)
	at org.apache.http.impl.conn.AbstractPoolEntry.open(AbstractPoolEntry.java:149)
	at org.apache.http.impl.conn.AbstractPooledConnAdapter.open(AbstractPooledConnAdapter.java:121)
	at org.apache.http.impl.client.DefaultRequestDirector.tryConnect(DefaultRequestDirector.java:573)
	at org.apache.http.impl.client.DefaultRequestDirector.execute(DefaultRequestDirector.java:425)
	at org.apache.http.impl.client.AbstractHttpClient.execute(AbstractHttpClient.java:820)
	at org.apache.http.impl.client.AbstractHttpClient.execute(AbstractHttpClient.java:754)
	at org.apache.http.impl.client.AbstractHttpClient.execute(AbstractHttpClient.java:732)
	at com.course.cases.LoginTest.getResult(LoginTest.java:74)
	at com.course.cases.LoginTest.loginTrue(LoginTest.java:41)
Caused by: java.net.ConnectException: Connection refused: connect
	at java.net.DualStackPlainSocketImpl.connect0(Native Method)
	at java.net.DualStackPlainSocketImpl.socketConnect(DualStackPlainSocketImpl.java:79)
	at java.net.AbstractPlainSocketImpl.doConnect(AbstractPlainSocketImpl.java:350)
	at java.net.AbstractPlainSocketImpl.connectToAddress(AbstractPlainSocketImpl.java:206)
	at java.net.AbstractPlainSocketImpl.connect(AbstractPlainSocketImpl.java:188)
	at java.net.PlainSocketImpl.connect(PlainSocketImpl.java:172)
	at java.net.SocksSocketImpl.connect(SocksSocketImpl.java:392)
	at java.net.Socket.connect(Socket.java:589)
	at org.apache.http.conn.scheme.PlainSocketFactory.connectSocket(PlainSocketFactory.java:123)
	at org.apache.http.impl.conn.DefaultClientConnectionOperator.openConnection(DefaultClientConnectionOperator.java:148)
	... 43 more
</failure>
    <system-out>@HL
@HL-------------------------------------------------------
@HL T E S T S
@HL-------------------------------------------------------
@SLRunning TestSuite
17:45:49.001 [main] DEBUG org.apache.ibatis.logging.LogFactory - Logging initialized using &apos;class org.apache.ibatis.logging.slf4j.Slf4jImpl&apos; adapter.
17:45:50.060 [main] DEBUG org.apache.ibatis.datasource.pooled.PooledDataSource - PooledDataSource forcefully closed/removed all connections.
17:45:50.060 [main] DEBUG org.apache.ibatis.datasource.pooled.PooledDataSource - PooledDataSource forcefully closed/removed all connections.
17:45:50.060 [main] DEBUG org.apache.ibatis.datasource.pooled.PooledDataSource - PooledDataSource forcefully closed/removed all connections.
17:45:50.060 [main] DEBUG org.apache.ibatis.datasource.pooled.PooledDataSource - PooledDataSource forcefully closed/removed all connections.
17:45:50.804 [main] DEBUG org.apache.ibatis.transaction.jdbc.JdbcTransaction - Opening JDBC Connection
17:45:52.045 [main] DEBUG org.apache.ibatis.datasource.pooled.PooledDataSource - Created connection 386163331.
17:45:52.051 [main] DEBUG org.apache.ibatis.transaction.jdbc.JdbcTransaction - Setting autocommit to false on JDBC Connection [com.mysql.jdbc.JDBC4Connection@17046283]
17:45:52.058 [main] DEBUG com.course.model.loginCase - ==&gt;  Preparing: select * from loginCase where id=?; 
17:45:52.426 [main] DEBUG com.course.model.loginCase - ==&gt; Parameters: 1(Integer)
17:45:52.512 [main] DEBUG com.course.model.loginCase - &lt;==      Total: 1
LoginCase(id=1, userName=zhangsan, password=123456, expected=true)
http://localhost:8850/v1/login
17:45:54.327 [main] DEBUG org.apache.http.impl.conn.SingleClientConnManager - Get connection for route HttpRoute[{}-&gt;http://localhost:8850]
17:45:54.342 [main] DEBUG org.apache.http.impl.conn.DefaultClientConnectionOperator - Connecting to localhost:8850
17:45:55.425 [main] DEBUG org.apache.http.impl.conn.DefaultClientConnectionOperator - Connect to localhost:8850 timed out. Connection will be retried using another IP address
17:45:55.425 [main] DEBUG org.apache.http.impl.conn.DefaultClientConnectionOperator - Connecting to localhost:8850
17:45:56.428 [main] DEBUG org.apache.http.impl.conn.DefaultClientConnection - Connection closed
17:45:56.429 [main] DEBUG org.apache.http.impl.conn.DefaultClientConnection - Connection shut down
17:45:56.429 [main] DEBUG org.apache.http.impl.conn.SingleClientConnManager - Releasing connection org.apache.http.impl.conn.SingleClientConnManager$ConnAdapter@3e96bacf
</system-out>
  </testcase>
  <testcase classname="com.course.cases.LoginTest" name="loginFalse" time="2.158">
    <failure message="Connection to http://localhost:8850 refused" type="org.apache.http.conn.HttpHostConnectException">org.apache.http.conn.HttpHostConnectException: Connection to http://localhost:8850 refused
	at org.apache.http.impl.conn.DefaultClientConnectionOperator.openConnection(DefaultClientConnectionOperator.java:158)
	at org.apache.http.impl.conn.AbstractPoolEntry.open(AbstractPoolEntry.java:149)
	at org.apache.http.impl.conn.AbstractPooledConnAdapter.open(AbstractPooledConnAdapter.java:121)
	at org.apache.http.impl.client.DefaultRequestDirector.tryConnect(DefaultRequestDirector.java:573)
	at org.apache.http.impl.client.DefaultRequestDirector.execute(DefaultRequestDirector.java:425)
	at org.apache.http.impl.client.AbstractHttpClient.execute(AbstractHttpClient.java:820)
	at org.apache.http.impl.client.AbstractHttpClient.execute(AbstractHttpClient.java:754)
	at org.apache.http.impl.client.AbstractHttpClient.execute(AbstractHttpClient.java:732)
	at com.course.cases.LoginTest.getResult(LoginTest.java:74)
	at com.course.cases.LoginTest.loginFalse(LoginTest.java:55)
Caused by: java.net.ConnectException: Connection refused: connect
	at java.net.DualStackPlainSocketImpl.connect0(Native Method)
	at java.net.DualStackPlainSocketImpl.socketConnect(DualStackPlainSocketImpl.java:79)
	at java.net.AbstractPlainSocketImpl.doConnect(AbstractPlainSocketImpl.java:350)
	at java.net.AbstractPlainSocketImpl.connectToAddress(AbstractPlainSocketImpl.java:206)
	at java.net.AbstractPlainSocketImpl.connect(AbstractPlainSocketImpl.java:188)
	at java.net.PlainSocketImpl.connect(PlainSocketImpl.java:172)
	at java.net.SocksSocketImpl.connect(SocksSocketImpl.java:392)
	at java.net.Socket.connect(Socket.java:589)
	at org.apache.http.conn.scheme.PlainSocketFactory.connectSocket(PlainSocketFactory.java:123)
	at org.apache.http.impl.conn.DefaultClientConnectionOperator.openConnection(DefaultClientConnectionOperator.java:148)
	... 43 more
</failure>
    <system-out>17:45:56.488 [main] DEBUG org.apache.ibatis.datasource.pooled.PooledDataSource - PooledDataSource forcefully closed/removed all connections.
17:45:56.489 [main] DEBUG org.apache.ibatis.datasource.pooled.PooledDataSource - PooledDataSource forcefully closed/removed all connections.
17:45:56.489 [main] DEBUG org.apache.ibatis.datasource.pooled.PooledDataSource - PooledDataSource forcefully closed/removed all connections.
17:45:56.489 [main] DEBUG org.apache.ibatis.datasource.pooled.PooledDataSource - PooledDataSource forcefully closed/removed all connections.
17:45:56.526 [Finalizer] DEBUG org.apache.ibatis.datasource.pooled.PooledDataSource - PooledDataSource forcefully closed/removed all connections.
17:45:56.571 [main] DEBUG org.apache.ibatis.transaction.jdbc.JdbcTransaction - Opening JDBC Connection
17:45:56.601 [main] DEBUG org.apache.ibatis.datasource.pooled.PooledDataSource - Created connection 1970982267.
17:45:56.601 [main] DEBUG org.apache.ibatis.transaction.jdbc.JdbcTransaction - Setting autocommit to false on JDBC Connection [com.mysql.jdbc.JDBC4Connection@757acd7b]
17:45:56.602 [main] DEBUG com.course.model.loginCase - ==&gt;  Preparing: select * from loginCase where id=?; 
17:45:56.603 [main] DEBUG com.course.model.loginCase - ==&gt; Parameters: 2(Integer)
17:45:56.605 [main] DEBUG com.course.model.loginCase - &lt;==      Total: 1
LoginCase(id=2, userName=zhangsanerror, password=123, expected=false)
http://localhost:8850/v1/login
17:45:56.605 [main] DEBUG org.apache.http.impl.conn.SingleClientConnManager - Get connection for route HttpRoute[{}-&gt;http://localhost:8850]
17:45:56.606 [main] DEBUG org.apache.http.impl.conn.DefaultClientConnectionOperator - Connecting to localhost:8850
17:45:57.608 [main] DEBUG org.apache.http.impl.conn.DefaultClientConnectionOperator - Connect to localhost:8850 timed out. Connection will be retried using another IP address
17:45:57.608 [main] DEBUG org.apache.http.impl.conn.DefaultClientConnectionOperator - Connecting to localhost:8850
17:45:58.610 [main] DEBUG org.apache.http.impl.conn.DefaultClientConnection - Connection closed
17:45:58.610 [main] DEBUG org.apache.http.impl.conn.DefaultClientConnection - Connection shut down
17:45:58.610 [main] DEBUG org.apache.http.impl.conn.SingleClientConnManager - Releasing connection org.apache.http.impl.conn.SingleClientConnManager$ConnAdapter@574b560f
</system-out>
  </testcase>
  <testcase classname="com.course.cases.AddUserTest" name="addUser" time="2.163">
    <skipped/>
  </testcase>
  <testcase classname="com.course.cases.GetUserInfoTest" name="getUserInfo" time="2.164">
    <skipped/>
  </testcase>
  <testcase classname="com.course.cases.UpdateUserInfoTest" name="updateUserInfo" time="2.164">
    <skipped/>
  </testcase>
  <testcase classname="com.course.cases.UpdateUserInfoTest" name="deleteUser" time="2.164">
    <skipped/>
  </testcase>
  <testcase classname="com.course.cases.GetUserInfoListTest" name="getUserListInfo" time="2.164">
    <skipped/>
  </testcase>
</testsuite>